<?xml version="1.0" encoding="UTF-8"?>
<!-- Generated by org.testng.reporters.JUnitReportReporter -->
<testsuite skipped="0" hostname="LAPTOP-LE02I758" name="TestClass" tests="3" failures="0" timestamp="14 Sep 2020 11:58:08 GMT" time="4.075" errors="0">
  <testcase name="verify_LoginPage_Title" time="0.196" classname="TestClass"/>
  <testcase name="verify_Application_Login" time="2.469" classname="TestClass"/>
  <testcase name="verify_NavigationMenu_Links" time="1.410" classname="TestClass"/>
</testsuite> <!-- TestClass -->
